((16911, 12, 883, 1), (16911, 12, 883))
((5622, 12, 883, 1), (5622, 12, 883))
((5622, 12, 883, 1), (5622, 12, 883))
((16911, 12, 883, 1), (16911, 12, 883))
((5622, 12, 883, 1), (5622, 12, 883))
((5622, 12, 883, 1), (5622, 12, 883))
((16911, 12, 883, 1), (16911, 12, 883))
((5622, 12, 883, 1), (5622, 12, 883))
((5622, 12, 883, 1), (5622, 12, 883))
episode 0:
    train:[0, 107.22452649367104, 107.72158112913539, 48.540155852956445, 136.51662323921073, 0.03394791141110968]
    eval:[30.29008869149468, 30.785928932103243, 15.261785884980451, 43.9547537131743, 0.01275549228400872]
    test:[30.48449456691742, 30.980370944196526, 14.801952187818559, 44.31533428755674, 0.01258447249984877]
episode 1:
    train:[1, 26.179582559769454, 26.673559841451663, 12.706146165306041, 40.415409095345915, 0.03811818013403546]
    eval:[24.514918435703624, 25.007893058386717, 11.264817099171607, 37.26280852881345, 0.012680498869212995]
    test:[25.008864733305845, 25.502056230198253, 10.998719879849391, 37.84587534991178, 0.012674516394909316]
episode 2:
    train:[2, 23.058169875117915, 23.550434188265882, 10.826663191241893, 36.52111011642139, 0.038131665706944685]
    eval:[23.999048368497327, 24.4919003627517, 11.27004241147502, 36.636954470114276, 0.012640363039473374]
    test:[24.19166963750666, 24.684454121372916, 10.926520951430906, 36.98644029010426, 0.012810392975171067]
episode 3:
    train:[3, 22.18188061921493, 22.67347001218165, 10.377730117910074, 35.411295380619386, 0.03836416847130202]
    eval:[24.25594824552536, 24.749242170290515, 11.468814046714794, 36.74333592978391, 0.012561397253936908]
    test:[24.768697359345175, 25.262180642648175, 11.23982639559968, 37.284148422154516, 0.012440367382813585]
episode 4:
    train:[4, 21.53101691767038, 22.022166484695752, 9.999905229459863, 34.656673950599135, 0.03809233491717236]
    eval:[23.409729979254983, 23.90240089459853, 11.394880347969858, 35.83401275764812, 0.012620188298491725]
    test:[23.493749179623343, 23.986442414197054, 10.936508386988532, 36.08985450051048, 0.012610339770661432]
episode 5:
    train:[5, 21.147622146318, 21.63864863707573, 9.8330737174346, 34.19333341486738, 0.03821843033193322]
    eval:[23.166450354185972, 23.658060426061805, 10.612731862982566, 35.68031288277019, 0.012639145671324728]
    test:[23.252003918994557, 23.743709526278757, 10.220319621095603, 35.95033716613596, 0.01248330940177372]
episode 6:
    train:[6, 20.774942095203077, 21.265732319909368, 9.597950732944593, 33.77450993110642, 0.03800548293830078]
    eval:[23.817064339464363, 24.308714985847473, 10.64922319386493, 36.56893527507782, 0.012690890475720622]
    test:[23.827432762492787, 24.319024898789145, 10.260539870201187, 36.78029357303273, 0.01254613134030641]
episode 7:
    train:[7, 20.493705140169716, 20.984337523664102, 9.479186710653323, 33.44654230719929, 0.038128503090343754]
    eval:[23.541032075881958, 24.032760755582288, 10.627781959589232, 36.278464604507796, 0.012779685069300958]
    test:[23.664876466447655, 24.15667021816427, 10.27944687415253, 36.608635393056005, 0.012742954443799605]
episode 8:
    train:[8, 20.342084837771093, 20.832666361038985, 9.43112368422555, 33.24107412399552, 0.03830763879317745]
    eval:[22.832684576511383, 23.324230150742963, 10.440203348513354, 35.57728126916018, 0.012769941713664931]
    test:[23.172962351278827, 23.664767487482592, 10.152876838533716, 36.04432406208732, 0.012891083966366805]
episode 9:
    train:[9, 20.20623948037737, 20.69671715229806, 9.371125706540164, 33.04852394075159, 0.03836491661868057]
    eval:[23.860138535499573, 24.35174949602647, 10.647923249581998, 36.6786554293199, 0.012860478815426821]
    test:[24.019437383521687, 24.51106026497754, 10.295240775766699, 37.03350533680482, 0.012757861838990452]
episode 10:
    train:[10, 19.939011422357396, 20.429046908488573, 9.210168528027255, 32.77272050277047, 0.03838721575569792]
    eval:[23.030582530931994, 23.52153650197116, 10.298251576552337, 35.845031781630084, 0.012769223192500626]
    test:[23.40948567607186, 23.90054525570436, 10.025883838534355, 36.40722354975614, 0.012775442092200693]
episode 11:
    train:[11, 19.813997881624335, 20.30390563488908, 9.149961142548992, 32.618085064374206, 0.03829792135041382]
    eval:[24.206996641375802, 24.69970677657561, 11.215574455193497, 36.84141059355302, 0.012660855205404253]
    test:[24.31834385069934, 24.811000195416536, 10.844914860684764, 37.23286924578927, 0.012716544603207322]
episode 12:
    train:[12, 19.684031470286147, 20.173880012815076, 9.117714360722522, 32.451172852110545, 0.038454817580793284]
    eval:[23.082335206595335, 23.5730426419865, 10.187385667284781, 36.03003825924613, 0.012813668834573643]
    test:[23.677888490936972, 24.1687928925861, 10.021493253721433, 36.778415739536285, 0.012718892530036201]
episode 13:
    train:[13, 19.565318855761582, 20.05499843388289, 9.04022237613431, 32.30701225511518, 0.03832521007750559]
    eval:[23.943845450878143, 24.436681189320304, 11.295159474353898, 36.582997462966226, 0.012781962089714992]
    test:[24.165742364796724, 24.658540872010317, 10.935812481594356, 37.12447606433522, 0.012833840522169007]
episode 14:
    train:[14, 19.43486760649654, 19.92444261215585, 8.9973306244623, 32.15583221853793, 0.03848989404190314]
    eval:[23.36834066022526, 23.859220439737495, 10.36817963573743, 36.20958501642401, 0.01262946346823069]
    test:[23.87014464898543, 24.36093005808917, 10.149401502514428, 36.993007752028376, 0.012805161337036545]
episode 15:
    train:[15, 19.32269416910038, 19.812054653924896, 8.904336435132306, 32.02432011566451, 0.03828264256977512]
    eval:[23.458012960173868, 23.94869175824252, 10.386013510552319, 36.29920621351762, 0.012744976972948399]
    test:[23.857298238710925, 24.347959198734976, 10.15646514821459, 36.970172752033584, 0.012827362042226557]
episode 16:
    train:[16, 19.199420195220775, 19.688637728051113, 8.849436110889078, 31.8827433811469, 0.03827326785988701]
    eval:[23.47545745156028, 23.96645305373452, 10.420278226956725, 36.36952559514479, 0.012833551298634772]
    test:[24.017151193185285, 24.508120569315825, 10.217825886370106, 37.1921020637859, 0.012747604539071228]
episode 17:
    train:[17, 19.18107299047517, 19.67039217885816, 8.86245880184417, 31.82824111750987, 0.038225343540230675]
    eval:[23.55254622481086, 24.043672556226905, 10.430407295511527, 36.51174811883406, 0.012860730041265063]
    test:[24.063639602877878, 24.55477373708378, 10.222023336047476, 37.30857876214114, 0.012611504552712944]
episode 18:
    train:[18, 19.05616596560848, 19.545252098703656, 8.779538404513398, 31.696859608525816, 0.03815360152737618]
    eval:[24.05218746987256, 24.54331489042802, 10.635586603629319, 36.96820906075564, 0.012669303331541362]
    test:[24.463097003373232, 24.954023111950267, 10.391443510624496, 37.7015695030039, 0.012633420699264434]
episode 19:
    train:[19, 18.955420836609118, 19.444359860483324, 8.72479778888771, 31.578152957620603, 0.03846462150333719]
    eval:[23.805006753314625, 24.29634347828952, 10.632787103002721, 36.81529845974662, 0.012750169001877499]
    test:[24.41570147601041, 24.90694823590192, 10.44356773014773, 37.752503703940995, 0.012768498734196323]
res:[[23.664767487482592, 10.152876838533716, 36.04432406208732, 0.012891083966366805]]
((16911, 12, 883, 1), (16911, 12, 883))
((5622, 12, 883, 1), (5622, 12, 883))
((5622, 12, 883, 1), (5622, 12, 883))
((16911, 12, 883, 1), (16911, 12, 883))
((5622, 12, 883, 1), (5622, 12, 883))
((5622, 12, 883, 1), (5622, 12, 883))
((16911, 12, 883, 1), (16911, 12, 883))
((5622, 12, 883, 1), (5622, 12, 883))
((5622, 12, 883, 1), (5622, 12, 883))
episode 0:
    train:[0, 104.84339949494273, 105.34014884285305, 46.1621850954337, 133.0062186199686, 0.03576723776833056]
    eval:[29.3232724016363, 29.81918372891166, 18.263928795402702, 42.238598888570614, 0.012551336261310936]
    test:[29.715102965181526, 30.211086002263155, 17.627936343408443, 42.90302454341542, 0.012655656603213012]
episode 1:
    train:[1, 25.946679005325404, 26.440141533633486, 12.428906255723849, 39.9651638817021, 0.040109733017944064]
    eval:[24.254772251302544, 24.747192106463693, 11.021050601266325, 37.012601191347294, 0.012743890645961157]
    test:[24.636340612714942, 25.12868436900052, 10.801375339823691, 37.74345348639922, 0.012719946202753447]
episode 2:
    train:[2, 23.09762348614929, 23.58989511861242, 10.830875484727056, 36.47874097337344, 0.039623968521288695]
    eval:[23.292482657866046, 23.78450057181445, 10.819330970248716, 35.95568013191223, 0.012843903253528835]
    test:[23.507290943102404, 23.999131896279074, 10.447179788554257, 36.55643507567319, 0.01259418125044023]
episode 3:
    train:[3, 22.09482641166009, 22.586461501671373, 10.256812625717801, 35.28702952235317, 0.03824843637665952]
    eval:[22.756856940009378, 23.248252630233765, 10.322289450348102, 35.4786419597539, 0.012446458803636245]
    test:[23.10592431371862, 23.597129946405236, 10.043947853740644, 36.19707467339256, 0.012683442927305912]
episode 4:
    train:[4, 21.5813643450097, 22.072725696239218, 10.005972673852412, 34.66759616801328, 0.03840423085689404]
    eval:[23.04899744012139, 23.541472554206848, 11.264841315675188, 35.66704138842496, 0.012576502737563007]
    test:[23.212937967343763, 23.705330539833415, 10.761823716827415, 36.25083623149178, 0.01270700459461626]
episode 5:
    train:[5, 21.10896318215729, 21.59988502473597, 9.728314271214328, 34.14631075219081, 0.03797876425309943]
    eval:[23.280375469814647, 23.77267401868647, 10.671469412574714, 35.781989639455624, 0.012824396822470356]
    test:[23.862060617316853, 24.354260206222534, 10.345457985319875, 36.87922384522178, 0.012759442390474465]
episode 6:
    train:[6, 20.88515102840777, 21.37592506769249, 9.622561004864922, 33.85527963043386, 0.03833125117091423]
    eval:[22.825018590146843, 23.316540257497266, 10.16744311517951, 35.48398497971621, 0.012839108164816808]
    test:[23.53177125887437, 24.02323512055657, 10.034245849502357, 36.69651120359247, 0.012730409521430635]
episode 7:
    train:[7, 20.5583348265217, 21.048737834216517, 9.43803135552118, 33.50363778256739, 0.03831228376118649]
    eval:[22.736801277507436, 23.22790821573951, 10.280651078474792, 35.51315854354338, 0.01275944722500275]
    test:[23.19118707830256, 23.682334650646556, 10.043921427462589, 36.43892467563803, 0.012539610409812968]
episode 8:
    train:[8, 20.475328614896547, 20.965858311644123, 9.447474214327583, 33.35912252689354, 0.03830463482622886]
    eval:[22.485610588030383, 22.977494158528067, 10.77179477380758, 35.22162186015736, 0.012664423765808779]
    test:[22.966151118278503, 23.458083125677977, 10.41539592710747, 36.23933900486339, 0.012810741188432008]
episode 9:
    train:[9, 20.28719216258404, 20.77740278766827, 9.316312340008965, 33.14590515035763, 0.03828928651212483]
    eval:[23.539001388983294, 24.03040803562511, 10.801126407882707, 36.292855474081904, 0.012656835888849378]
    test:[23.76508048989556, 24.256258449771188, 10.356320563534444, 36.99477945132689, 0.012752418838671967]
episode 10:
    train:[10, 20.117360603606542, 20.607468567182977, 9.244469015212951, 32.946072064635885, 0.03848001739964833]
    eval:[22.907023332335733, 23.398061540993776, 10.222580173814839, 35.75362730026245, 0.012932522913519914]
    test:[23.498169140382245, 23.989136457443237, 10.059860983694142, 36.84941882978786, 0.012606151075984014]
episode 11:
    train:[11, 20.000645166984803, 20.490659832729058, 9.198651543073709, 32.799865783951006, 0.03809241250084221]
    eval:[22.522927127101205, 23.01380156928843, 10.030273227444427, 35.33458440954035, 0.012789566972339675]
    test:[23.283203477209266, 23.773922329599205, 9.945504409684377, 36.73227856375954, 0.01277522746458973]
episode 12:
    train:[12, 19.796886516203276, 20.28666823302415, 9.077146293028541, 32.59284038940314, 0.03825067157022394]
    eval:[22.66122809865258, 23.152284199541267, 10.0796326296404, 35.4132045399059, 0.012870996204486142]
    test:[23.382898672060534, 23.87383074652065, 10.006580065766519, 36.69827456365932, 0.01270903051641648]
episode 13:
    train:[13, 19.70541018754638, 20.195135819664074, 9.045317573279199, 32.46765587054939, 0.038290126877345364]
    eval:[22.660837590694427, 23.151687665419146, 10.189932603812354, 35.52983133359389, 0.012783184716473352]
    test:[23.336945512078024, 23.827667409723457, 10.086077968166633, 36.77437487515536, 0.012704067237009913]
episode 14:
    train:[14, 19.596925822007407, 20.08652866990895, 8.974680272133455, 32.33757104495072, 0.03842982579839694]
    eval:[22.56555997241627, 23.056440223347057, 10.10030016980388, 35.41795995018699, 0.012782680907736297]
    test:[23.29193216020411, 23.782529213211753, 9.948197113011371, 36.76441259275783, 0.012895220541436662]
episode 15:
    train:[15, 19.505026314344207, 19.994519422996248, 8.923154858087097, 32.22168267291525, 0.038415508502605826]
    eval:[22.959776331077922, 23.451137656515296, 10.535563158125363, 35.81372892314737, 0.012688679230336149]
    test:[23.54924560135061, 24.040693407708947, 10.233899498019706, 37.0224556110122, 0.01260609191662474]
episode 16:
    train:[16, 19.368892503821332, 19.858223325588753, 8.861147451772581, 32.08309220095889, 0.03820967462778895]
    eval:[22.601598381996155, 23.0922470851378, 10.01832765442404, 35.60189891945232, 0.012936334430174825]
    test:[23.49865431135351, 23.98911396481774, 9.974098531529307, 37.17500781471079, 0.012762934064916001]
episode 17:
    train:[17, 19.324668047784183, 19.813971611412352, 8.835695244526818, 32.010771165498035, 0.03814814695692466]
    eval:[22.513025733557615, 23.003655151887372, 10.099771618843079, 35.484668764201075, 0.012724865886589167]
    test:[23.259034633636475, 23.749410466714338, 9.94992411102761, 36.8777900500731, 0.012688031912443689]
episode 18:
    train:[18, 19.24083104701484, 19.730045971212405, 8.797444997527874, 31.907990702609258, 0.03827993695383894]
    eval:[22.89223925633864, 23.38287981531837, 10.196498135866767, 35.72207296978343, 0.012892679191068243]
    test:[23.6076327345588, 24.09803844581951, 10.036163235252554, 37.13980766318061, 0.012735176960033524]
episode 19:
    train:[19, 19.10228340206615, 19.59122903676024, 8.718186208453655, 31.767255718180724, 0.03820256935655595]
    eval:[22.768081285736777, 23.258877369490538, 10.221878926015712, 35.843862837011166, 0.012728292803796573]
    test:[23.61310490694913, 24.103810532526538, 10.123233226212589, 37.342971579595044, 0.012792640799349714]
res:[[23.664767487482592, 10.152876838533716, 36.04432406208732, 0.012891083966366805], [23.458083125677977, 10.41539592710747, 36.23933900486339, 0.012810741188432008]]
((16911, 12, 883, 1), (16911, 12, 883))
((5622, 12, 883, 1), (5622, 12, 883))
((5622, 12, 883, 1), (5622, 12, 883))
((16911, 12, 883, 1), (16911, 12, 883))
((5622, 12, 883, 1), (5622, 12, 883))
((5622, 12, 883, 1), (5622, 12, 883))
((16911, 12, 883, 1), (16911, 12, 883))
((5622, 12, 883, 1), (5622, 12, 883))
((5622, 12, 883, 1), (5622, 12, 883))
episode 0:
    train:[0, 107.15198194146832, 107.64887228895451, 46.875695499727094, 135.53941362521599, 0.035788830658508484]
    eval:[28.1197037209164, 28.614154040813446, 13.411800207739526, 41.66076543114402, 0.012865060294323313]
    test:[28.44515038620342, 28.939700744368814, 13.037032130259005, 42.23500002514232, 0.01260260036940763]
episode 1:
    train:[1, 27.484852756579567, 27.978739350865155, 13.220684797923822, 42.1047313956998, 0.04003443133435563]
    eval:[24.740844656120647, 25.233676596121356, 11.77553906613453, 37.61099760098891, 0.01259599318075163]
    test:[25.19387914917686, 25.68692208962007, 11.560969702391462, 38.19202143495733, 0.012677004311017743]
episode 2:
    train:[2, 24.229078613742765, 24.721918445003055, 11.440185337751709, 37.72170959573612, 0.04002298762321641]
    eval:[23.595247290351175, 24.0873051665046, 10.712934264235876, 36.2296521988782, 0.012633585454899406]
    test:[24.177524089813232, 24.66971642320806, 10.5360744478689, 37.00585047223351, 0.012702959578726818]
episode 3:
    train:[3, 23.002840370221488, 23.495175406702977, 10.821211045090328, 36.21875428342188, 0.039933433299244814]
    eval:[23.11890435218811, 23.61062007600611, 10.523007877848364, 36.00230073928833, 0.012660807708284262]
    test:[23.67325396971269, 24.1651414307681, 10.357186418365348, 36.67171947522597, 0.012709617445113522]
episode 4:
    train:[4, 22.080752991097636, 22.57248494845933, 10.347009143160061, 35.198590727519445, 0.039019781018718946]
    eval:[22.815316660837695, 23.307557143948294, 10.591773015700959, 35.505797418681055, 0.012688397173778055]
    test:[23.428297037428077, 23.92054771835154, 10.411416214298118, 36.33441086248918, 0.012710665859221055]
episode 5:
