((16911, 12, 883, 1), (16911, 12, 883))
((5622, 12, 883, 1), (5622, 12, 883))
((5622, 12, 883, 1), (5622, 12, 883))
((16911, 12, 883, 1), (16911, 12, 883))
((5622, 12, 883, 1), (5622, 12, 883))
((5622, 12, 883, 1), (5622, 12, 883))
((16911, 12, 883, 1), (16911, 12, 883))
((5622, 12, 883, 1), (5622, 12, 883))
((5622, 12, 883, 1), (5622, 12, 883))
episode 0:
    train:[0, 106.8399752416773, 107.33706234894088, 48.52565191615732, 136.11183165061678, 0.036696922475262045]
    eval:[28.90471936897798, 29.399441160938956, 14.711243566125631, 42.52123034000397, 0.01316881472425756]
    test:[29.272250191731885, 29.767084912820295, 14.298173692077398, 43.1122477162968, 0.013095544649162821]
episode 1:
    train:[1, 26.384876961518778, 26.878817689892024, 12.737519829225901, 40.712672473352214, 0.04113779029363461]
    eval:[24.16892913796685, 24.661233349279925, 11.188649894161658, 36.85739263621244, 0.013126642794763435]
    test:[24.522794918580487, 25.015236139297485, 10.920815440741451, 37.3412568135695, 0.013202619951248848]
episode 2:
    train:[2, 23.339508453253764, 23.831673238137718, 10.90536948525838, 36.8194981991456, 0.041097053016115354]
    eval:[24.16511393135244, 24.657958567142487, 12.10079671476375, 36.561000542207196, 0.01308339450419564]
    test:[24.23922688852657, 24.732092667709697, 11.6501906294037, 36.77208113670349, 0.012979873598194427]
episode 3:
    train:[3, 22.270653008963976, 22.762287406705052, 10.395125260256188, 35.499334014431064, 0.04097903968243038]
    eval:[23.011608811942015, 23.50293784791773, 10.320587282661688, 35.565459782427006, 0.013195760815816178]
    test:[23.43892034075477, 23.930427209897474, 10.075511635196479, 36.065288522026755, 0.012760837660782365]
episode 4:
    train:[4, 21.637187871229898, 22.12843397749845, 9.998335521703407, 34.7581367600843, 0.040893248596448564]
    eval:[22.896412480961192, 23.387665255503222, 10.344414980235426, 35.616066965189844, 0.013096438952079239]
    test:[23.200855710289694, 23.692223846912384, 10.052293615246361, 35.996629584919326, 0.013138371233158119]
episode 5:
    train:[5, 21.140430720857502, 21.631355516401264, 9.741506057955142, 34.18571067983126, 0.040955023582002384]
    eval:[23.360381950031627, 23.852537507360633, 10.581165638921613, 35.85156906734813, 0.01320136611209735]
    test:[23.92455669966611, 24.41675624522296, 10.3240165817128, 36.470953567461535, 0.013192117956345381]
episode 6:
    train:[6, 20.829417331457588, 21.320149852557986, 9.610910605223733, 33.81043676437638, 0.0410167771097431]
    eval:[22.589734137058258, 23.080638013102792, 10.225201554765755, 35.23636392029849, 0.013041306966905787]
    test:[22.99648280577226, 23.487600109793924, 9.963633623820813, 35.74162930250168, 0.012823906414706442]
episode 7:
    train:[7, 20.631071159204147, 21.121667926838807, 9.516159378851293, 33.56093458958069, 0.04106219484102408]
    eval:[22.86845111846924, 23.359425371343438, 10.17390523867851, 35.59314116564664, 0.01299841592253336]
    test:[23.26247937029058, 23.753517497669566, 9.884587277404286, 36.09024182774804, 0.013183422251470315]
episode 8:
    train:[8, 20.422659879370762, 20.91310775122255, 9.413068445790243, 33.310708545331465, 0.04096811470898848]
    eval:[22.634156877344306, 23.12517182935368, 10.139761039648544, 35.32983323660764, 0.013117877116452669]
    test:[23.234196771274913, 23.725509361787275, 9.948150479150089, 36.00322098081762, 0.013138242439628283]
episode 9:
    train:[9, 20.16638084801023, 20.656599271950967, 9.293393245660514, 33.03352290696142, 0.041029362948935756]
    eval:[22.95868292721835, 23.45010462132367, 10.374693098393353, 35.76056860793721, 0.013064201172455821]
    test:[23.400748307054695, 23.892016096548602, 10.080066797408191, 36.33436191082001, 0.013045195115074829]
episode 10:
    train:[10, 20.01141971451123, 20.501443008394006, 9.198999199276836, 32.84560460269113, 0.040949030747525574]
    eval:[24.21771993420341, 24.71131241863424, 11.992124065926129, 36.67935360561717, 0.013101834794542876]
    test:[24.31227240779183, 24.805904095823113, 11.559869298203425, 36.923220255158164, 0.01283764253939992]
episode 11:
    train:[11, 19.850164846121025, 20.340049246083137, 9.142245973384673, 32.6570697596934, 0.04086950758462062]
    eval:[23.077585485848513, 23.568858314644206, 10.381621291691607, 35.85287639227781, 0.012975328929565929]
    test:[23.353535348718818, 23.844539745287463, 10.036427404900843, 36.2479019110853, 0.013126340424704916]
episode 12:
    train:[12, 19.733043998761527, 20.22289747732123, 9.093781384605991, 32.506815630907376, 0.04100916750941001]
    eval:[22.744818833741274, 23.23666548728943, 10.621053954078393, 35.550098906863816, 0.01298626552311732]
    test:[23.279557970437136, 23.771646266633812, 10.369005938991904, 36.18980513377623, 0.013110243311474562]
episode 13:
    train:[13, 19.581177752950918, 20.07080128963593, 9.004065240882971, 32.34357606711144, 0.04092065111198288]
    eval:[23.010603021491658, 23.50132918357849, 10.24350441399623, 35.95265112139962, 0.01308586893451464]
    test:[23.47326545823704, 23.96381568366831, 9.972901003096592, 36.56831566853957, 0.01317578594441178]
episode 14:
    train:[14, 19.46207786372569, 19.95158246694756, 8.954680644834875, 32.19617492084467, 0.04092442836381381]
    eval:[23.598635375499725, 24.089858786626294, 10.672837055542253, 36.563879890875384, 0.013166208531838726]
    test:[23.965602229941975, 24.45687025785446, 10.367671472274445, 37.0832442316142, 0.013170175135072038]
episode 15:
    train:[15, 19.390244583101037, 19.879659054184682, 8.901909982436997, 32.09911527435361, 0.04100710328752726]
    eval:[23.169190439310942, 23.659923407164488, 10.274635373868726, 36.20404155687852, 0.013116473322108054]
    test:[23.691332454031166, 24.182030618190765, 10.022179041565819, 36.865466730161145, 0.013094949790143067]
episode 16:
    train:[16, 19.24636601770758, 19.735630792570927, 8.839038793272241, 31.944155474916975, 0.0409826724676313]
    eval:[23.187620000405744, 23.678115422075447, 10.2884157222103, 36.267984281886704, 0.013242069277972016]
    test:[23.69771384651011, 24.188190725716677, 10.047921593385665, 36.957600019194864, 0.012966628305346293]
episode 17:
    train:[17, 19.136848255006036, 19.62594803880428, 8.782945022634838, 31.817136728470626, 0.040927604232940576]
    eval:[23.452595510266043, 23.943668446757577, 10.565417484295638, 36.42978115515275, 0.013062140009488894]
    test:[23.94916596737775, 24.440383125435222, 10.298371433534406, 37.11348217725754, 0.012983578670410787]
res:[[23.487600109793924, 9.963633623820813, 35.74162930250168, 0.012823906414706442]]
((16911, 12, 883, 1), (16911, 12, 883))
((5622, 12, 883, 1), (5622, 12, 883))
((5622, 12, 883, 1), (5622, 12, 883))
((16911, 12, 883, 1), (16911, 12, 883))
((5622, 12, 883, 1), (5622, 12, 883))
((5622, 12, 883, 1), (5622, 12, 883))
((16911, 12, 883, 1), (16911, 12, 883))
((5622, 12, 883, 1), (5622, 12, 883))
((5622, 12, 883, 1), (5622, 12, 883))
episode 0:
    train:[0, 105.11494706483779, 105.6117161424489, 46.16911308611048, 133.19239966495275, 0.03679664299507946]
    eval:[27.81827862696214, 28.312623116103087, 12.753025446595116, 40.85739037123594, 0.013114659144165082]
    test:[28.14937721599232, 28.64377762512727, 12.435008632019162, 41.439533526247196, 0.01313786085115892]
episode 1:
    train:[1, 25.96719191971258, 26.4606632816769, 12.384013324581607, 40.09880698335644, 0.04110176860316896]
    eval:[24.082265377044678, 24.575132630088113, 11.396815670146184, 36.840671463446185, 0.013057551321208116]
    test:[24.4272494207729, 24.920208275318146, 11.108308619904248, 37.49798076803034, 0.013237708575867198]
episode 2:
    train:[2, 23.100776174794074, 23.592970442456423, 10.759233155187452, 36.55786768835749, 0.04115901535572852]
    eval:[23.31155264377594, 23.803621199997988, 10.624602602117442, 35.90777127309279, 0.013066275354722606]
    test:[23.594031724062834, 24.086112092841756, 10.379409345544197, 36.51579005609859, 0.013120654892217472]
episode 3:
    train:[3, 22.153768625962485, 22.645525003876713, 10.240789459197869, 35.353643071223296, 0.04115995673621246]
    eval:[22.891989274458453, 23.383508546785876, 10.412707128985362, 35.462087002667516, 0.01313795041715662]
    test:[23.227753910151396, 23.719312754544344, 10.141584865579551, 36.172491214492105, 0.013155045521212659]
episode 4:
    train:[4, 21.56258773082596, 22.053946175962857, 9.917882758074763, 34.64974208319796, 0.04099571422190946]
    eval:[22.83564832535657, 23.32705524292859, 10.170044303363698, 35.37372753836892, 0.013153872299940719]
    test:[23.363276573744688, 23.854741047729146, 9.993043658323586, 36.31907181306319, 0.013068924930671575]
episode 5:
    train:[5, 21.101199169916107, 21.59215636514761, 9.66347423443722, 34.12672568178808, 0.04113241143176151]
    eval:[22.47360357913104, 22.964662503112447, 10.16949697990309, 35.01183621449904, 0.013122536075026147]
    test:[22.93264102935791, 23.42372510108081, 9.9001326196065, 35.91684248772535, 0.012955543368111213]
episode 6:
    train:[6, 20.858574962796247, 21.34942945325307, 9.582533301444045, 33.819740320649174, 0.04088807046804653]
    eval:[22.50835497812791, 22.9998813921755, 10.479171053421767, 35.1294130303643, 0.01302326709424334]
    test:[22.781838146123018, 23.273251457647845, 10.035261215472763, 35.84042904051867, 0.013008198208844522]
episode 7:
    train:[7, 20.55492008476041, 21.045462559662155, 9.41395065650372, 33.48259368781106, 0.04097651335625059]
    eval:[22.520608739419416, 23.01157548752698, 10.103228561241519, 35.2008501182903, 0.012895962387079532]
    test:[23.032768260348927, 23.5239219232039, 9.965998759831894, 36.13735331730409, 0.013056912145679084]
episode 8:
    train:[8, 20.411614192681412, 20.901993273787326, 9.331817232030101, 33.30715469692064, 0.041003665370849804]
    eval:[22.589940976012837, 23.080985817042265, 10.241458766077729, 35.24997534535148, 0.013121994777490813]
    test:[22.976218592036854, 23.467276166785847, 9.967875053090127, 36.122684104876086, 0.012877397331976034]
episode 9:
    train:[9, 20.213810345626282, 20.704104342397535, 9.26283580481668, 33.072601184953136, 0.04098703837128254]
    eval:[22.801592003215443, 23.292698394168507, 10.204797864637591, 35.58955464579842, 0.01293119528419986]
    test:[23.203421207991514, 23.694550942290913, 9.96878571300344, 36.46522277051752, 0.013005059879049208]
episode 10:
    train:[10, 20.0283422992901, 20.518406444326015, 9.157919203457626, 32.862439261943045, 0.04098035770251816]
    eval:[22.4185838916085, 22.909323253414847, 10.145467494360425, 35.12243591655385, 0.01303989850766546]
    test:[22.922469957308337, 23.41306563399055, 9.877115143039687, 36.19737219268625, 0.013204009242008607]
episode 11:
    train:[11, 19.884246263702334, 20.374171363383475, 9.087362281259832, 32.70437888882787, 0.04103490794672844]
    eval:[22.463521041653372, 22.9544158577919, 10.169663411480458, 35.25243881615725, 0.012837797922835322]
    test:[23.11675042997707, 23.607488697225396, 9.92463157427582, 36.58009083704515, 0.013147685588021077]
episode 12:
    train:[12, 19.825422896329307, 20.315303283287584, 9.064249476041145, 32.61292991566072, 0.04099692495293172]
    eval:[22.669035987420514, 23.15983387556943, 10.110651515424252, 35.353778914971784, 0.012916533941053826]
    test:[23.43273525346409, 23.923409564928576, 9.912047505548054, 36.7980029203675, 0.013236904008581052]
episode 13:
    train:[13, 19.621002658779094, 20.110631106255862, 8.963758289983007, 32.4013370953796, 0.04108657798002391]
    eval:[22.594032298434865, 23.084750440987673, 10.153694203208117, 35.375913164832376, 0.013002563820577354]
    test:[23.26687083461068, 23.757471507245842, 9.95524586813355, 36.71666962450201, 0.013158901354376848]
episode 14:
    train:[14, 19.548933155369895, 20.03848427770719, 8.930792570790182, 32.30293668736132, 0.04111220090691381]
    eval:[22.53193962574005, 23.022628740830854, 10.05381264258176, 35.29388298771598, 0.013036129483969684]
    test:[23.238400361754678, 23.72879803722555, 9.871555449949069, 36.63899769566276, 0.012988721293853466]
episode 15:
    train:[15, 19.473195077791555, 19.96271549866646, 8.899842194212857, 32.20164121616991, 0.04100008727346559]
    eval:[23.06235171989961, 23.554680705070496, 11.047023803588342, 35.77931357513774, 0.013278251269329319]
    test:[23.34532445127314, 23.83753721822392, 10.484072858129036, 36.65587781234221, 0.013075209393360487]
episode 16:
    train:[16, 19.359023726955478, 19.848398962183126, 8.836016277228051, 32.07773639123697, 0.04097540200507364]
    eval:[22.549094671552833, 23.039615923708137, 10.153842732225629, 35.41029710119421, 0.013227995075563739]
    test:[23.21197270263325, 23.702358191663567, 9.96039258104495, 36.74419352683154, 0.013390953114176084]
episode 17:
    train:[17, 19.240425286536407, 19.729603423062706, 8.768965063056784, 31.94613465740009, 0.04112274598401412]
    eval:[22.975303628227927, 23.46628487110138, 10.287158603949303, 35.90237236022949, 0.013073167398874127]
    test:[23.562677296725187, 24.053712405941702, 10.091175041584806, 37.10190007903359, 0.01288466341594749]
res:[[23.487600109793924, 9.963633623820813, 35.74162930250168, 0.012823906414706442], [23.273251457647845, 10.035261215472763, 35.84042904051867, 0.013008198208844522]]
((16911, 12, 883, 1), (16911, 12, 883))
((5622, 12, 883, 1), (5622, 12, 883))
((5622, 12, 883, 1), (5622, 12, 883))
((16911, 12, 883, 1), (16911, 12, 883))
((5622, 12, 883, 1), (5622, 12, 883))
((5622, 12, 883, 1), (5622, 12, 883))
((16911, 12, 883, 1), (16911, 12, 883))
((5622, 12, 883, 1), (5622, 12, 883))
((5622, 12, 883, 1), (5622, 12, 883))
episode 0:
    train:[0, 105.6901424314214, 106.1869681453885, 46.26775737605384, 133.78774424446553, 0.03674033315380097]
    eval:[27.521550649946388, 28.015406473116442, 13.07328498752957, 41.19817094369368, 0.013252494259688066]
    test:[27.890034128319133, 28.383936670693483, 12.747805387797682, 41.85360758954828, 0.013195521888339362]
episode 1:
    train:[1, 26.93923463442826, 27.433111439580504, 13.02091595919236, 41.2230821043422, 0.04106265628269483]
    eval:[25.77813972126354, 26.271216641772877, 11.829085516828028, 38.72593517736955, 0.013214890704974294]
    test:[26.174712999300525, 26.66792469674891, 11.59930943342095, 39.26591009443457, 0.012998264228606385]
episode 2:
    train:[2, 24.237222566947143, 24.73005336624463, 11.388790546890018, 37.77253739009057, 0.04097038163812274]
    eval:[25.658746898174286, 26.15286349708384, 11.760611150583083, 38.0846192186529, 0.013371572211220442]
    test:[26.319419627839867, 26.81363822113384, 11.564937678419732, 38.949876774441115, 0.013034593800300807]
episode 3:
    train:[3, 22.96752324672187, 23.4596875087976, 10.723814848521707, 36.25188448929381, 0.04103344156884349]
    eval:[23.48872083967382, 23.98059232668443, 10.590137617493218, 36.40775469216433, 0.013134095983461144]
    test:[24.047620350664314, 24.539626349102367, 10.415978098965503, 37.167045598680325, 0.013014565325003847]
episode 4:
    train:[4, 22.28676868792067, 22.778651805365694, 10.450260983410315, 35.43401758882634, 0.04095792064054312]
    eval:[22.914173657243904, 23.40583691813729, 10.352464193816889, 35.75775219093669, 0.01318567934005721]
    test:[23.488883153958753, 23.980595767498016, 10.199503164569085, 36.579697489738464, 0.012864889813589058]
episode 5:
    train:[5, 21.716341750608276, 22.20781334226208, 10.12258296145834, 34.80112068233959, 0.04098595318679489]
    eval:[22.868127459829505, 23.360001293095674, 10.30365488364954, 35.63289751789787, 0.013251471036017386]
    test:[23.5819882533767, 24.073851710016076, 10.160478090190075, 36.65181626514955, 0.01314931155862608]
episode 6:
    train:[6, 21.378323398150208, 21.869678926377755, 9.997751713080758, 34.38865982517178, 0.040992225029235774]
    eval:[22.50090479850769, 22.992293173616584, 10.438615610738369, 35.368851174007766, 0.013027748108249422]
    test:[23.154986934228376, 23.64655438336459, 10.301898669620806, 36.30711675773967, 0.01303856396581812]
episode 7:
