((16911, 12, 883, 1), (16911, 12, 883))
((5622, 12, 883, 1), (5622, 12, 883))
((5622, 12, 883, 1), (5622, 12, 883))
((16911, 12, 883, 1), (16911, 12, 883))
((5622, 12, 883, 1), (5622, 12, 883))
((5622, 12, 883, 1), (5622, 12, 883))
((16911, 12, 883, 1), (16911, 12, 883))
((5622, 12, 883, 1), (5622, 12, 883))
((5622, 12, 883, 1), (5622, 12, 883))
episode 0:
    train:[0, 107.3411745817765, 107.83823986450079, 48.41214288413412, 136.6557236078331, 0.03508789534684676]
    eval:[31.37722693790089, 31.873626481403004, 20.509325408122756, 44.67906960574064, 0.013471509798783417]
    test:[31.569114034826104, 32.06554840911519, 19.691132550889794, 45.09735093333504, 0.013078655691089175]
episode 1:
    train:[1, 26.9409450538217, 27.43511168222121, 13.21179155394125, 41.426852069414856, 0.03923150008648632]
    eval:[25.8484507040544, 26.34319546547803, 13.419140130281448, 38.372562072493814, 0.01343168278514003]
    test:[26.165239350362256, 26.660087460821327, 13.038313909518449, 38.84874592044137, 0.013330582111851256]
episode 2:
    train:[2, 23.82115715978727, 24.313976803438877, 11.296000864025777, 37.290500085610745, 0.03882704854864491]
    eval:[23.44381032748656, 23.935834564945914, 10.812204678288914, 36.12854093855078, 0.013401909512330187]
    test:[23.838401490991767, 24.330590546131134, 10.569517221301794, 36.6773724230853, 0.01344160281309917]
episode 3:
    train:[3, 22.458054147731154, 22.949926452059827, 10.562668197096409, 35.65905360778924, 0.03978579872342937]
    eval:[23.307589558037844, 23.799688615582205, 10.748008132742887, 35.70813938704404, 0.013299552709850202]
    test:[23.85899584943598, 24.351412854411386, 10.561127003959633, 36.349526302380994, 0.01337895606260459]
episode 4:
    train:[4, 21.774535141279657, 22.265929890940907, 10.14198677188282, 34.85689028359541, 0.039119772383508465]
    eval:[23.51928263360804, 24.01178275455128, 11.32817042737522, 36.023584994402796, 0.013334292273044756]
    test:[23.65367291732268, 24.146233650771055, 10.962982162494551, 36.33711327747865, 0.01327551344203508]
episode 5:
    train:[5, 21.286314670440156, 21.777393579032335, 9.885564739402165, 34.30621987615055, 0.03952711128016958]
    eval:[22.709700866179034, 23.20070779323578, 10.207067942246795, 35.33127625422044, 0.013436765189019864]
    test:[23.104456424713135, 23.59564334154129, 9.988370055163449, 35.852402161468156, 0.013468600812224635]
episode 6:
    train:[6, 20.87098776054743, 21.36174811667891, 9.645658179357056, 33.85156979768173, 0.03944627732967232]
    eval:[22.948770116675984, 23.440335869789124, 10.546031628142703, 35.54597940228202, 0.013345321825245273]
    test:[23.299717951904643, 23.791489563205026, 10.350617440417409, 36.014326144348495, 0.013246820050174763]
episode 7:
    train:[7, 20.670338048376074, 21.160985117373258, 9.541971285762319, 33.60188550895013, 0.039623362866759715]
    eval:[23.47219479084015, 23.96398596871983, 10.531722136180509, 36.10595188357613, 0.013235657166773126]
    test:[23.700402102687143, 24.192103700204328, 10.248236324299466, 36.49489704045382, 0.0133989489574697]
episode 8:
    train:[8, 20.418888964589918, 20.909287093943142, 9.393068507229223, 33.325595776390266, 0.039469458661957176]
    eval:[23.610403006727044, 24.101998128674246, 10.58544865809381, 36.301458076997235, 0.013377691366968524]
    test:[23.82288739897988, 24.314582586288452, 10.332060897384178, 36.6347907889973, 0.013285143483113411]
episode 9:
    train:[9, 20.24475576476474, 20.73506794805112, 9.31358178250055, 33.10702248557078, 0.039371475238110916]
    eval:[22.942608470266517, 23.433647648854688, 10.309972681782462, 35.713377594947815, 0.013257990906307257]
    test:[23.430726300586354, 23.921995412219655, 10.152639567174695, 36.28802334178578, 0.013355323870552684]
episode 10:
    train:[10, 19.998728671010817, 20.48877051917727, 9.20304158149685, 32.846723917075956, 0.03916757817764918]
    eval:[22.764830768108368, 23.255637195977297, 10.189252139323138, 35.498890324072406, 0.013168997418536957]
    test:[23.34366783770648, 23.834713079712607, 10.051602506163446, 36.20863606713035, 0.013194874697671331]
episode 11:
    train:[11, 19.930459673328077, 20.42051509287497, 9.1879817750481, 32.72831266363537, 0.039399518696548855]
    eval:[22.92269882288846, 23.414079015905205, 10.349406788802959, 35.71967503157529, 0.013361568851260603]
    test:[23.455909490585327, 23.94760581038215, 10.214470589364117, 36.384935254400425, 0.01325821015640579]
episode 12:
    train:[12, 19.765054800109287, 20.254860396646595, 9.074994659716781, 32.54705650098833, 0.039523550664840715]
    eval:[23.641274723139677, 24.132608007300984, 10.477697286246853, 36.428497943011195, 0.013314497721063755]
    test:[24.10875313390385, 24.600185936147515, 10.334576082161881, 37.05104936794801, 0.013421343425464393]
episode 13:
    train:[13, 19.61625179946986, 20.105900881646487, 9.008940462804697, 32.37428250880683, 0.03927953857524286]
    eval:[23.275106392123483, 23.766393076289784, 10.443264288319783, 36.12132062695243, 0.013438183359724904]
    test:[23.87774053486911, 24.36918613585559, 10.329226599159567, 36.82153362035751, 0.013374431622660232]
episode 14:
    train:[14, 19.521883609389537, 20.01142266026517, 8.962945113335305, 32.25616968511859, 0.03941677817996069]
    eval:[23.14783601327376, 23.638601714914497, 10.254684649407864, 36.06530085476962, 0.013551484049956852]
    test:[23.78055681965568, 24.27154894850471, 10.151979551565917, 36.81662486899983, 0.013417521433998197]
episode 15:
    train:[15, 19.36562828756235, 19.85495925355273, 8.879806978772404, 32.087920619769896, 0.03914298070019166]
    eval:[23.426599789749492, 23.91807796196504, 10.456938575953245, 36.371478178284384, 0.013498400123634189]
    test:[24.08308527144519, 24.57453268224543, 10.300734025341542, 37.184813884171575, 0.01348811877829797]
episode 16:
    train:[16, 19.3209006015655, 19.810212771698748, 8.86293902627011, 32.01124287553005, 0.0394209265307118]
    eval:[23.39257101579146, 23.884655063802544, 10.839146155525338, 36.16913703354922, 0.013505390554677121]
    test:[24.225795155221764, 24.718233466148376, 10.892705830999397, 37.18926837769422, 0.013218752687319197]
res:[[23.59564334154129, 9.988370055163449, 35.852402161468156, 0.013468600812224635]]
((16911, 12, 883, 1), (16911, 12, 883))
((5622, 12, 883, 1), (5622, 12, 883))
((5622, 12, 883, 1), (5622, 12, 883))
((16911, 12, 883, 1), (16911, 12, 883))
((5622, 12, 883, 1), (5622, 12, 883))
((5622, 12, 883, 1), (5622, 12, 883))
((16911, 12, 883, 1), (16911, 12, 883))
((5622, 12, 883, 1), (5622, 12, 883))
((5622, 12, 883, 1), (5622, 12, 883))
episode 0:
    train:[0, 104.57233116712372, 105.06908124696555, 46.38550874331723, 132.89446063843928, 0.03646298340497466]
    eval:[29.86204056306319, 30.35766181078824, 15.940012266351419, 42.72892876104875, 0.013142103658626616]
    test:[30.100699869069185, 30.596430442549966, 15.51875795491717, 43.23062548854134, 0.01335786178586153]
episode 1:
    train:[1, 25.904098398969396, 26.39737568370336, 12.314646974177803, 39.984720262552706, 0.0409862739684122]
    eval:[24.9922576546669, 25.48550594394857, 12.003632833842527, 37.79515970836986, 0.013284344683334693]
    test:[25.32806719975038, 25.82125128399242, 11.730098444968462, 38.46171338991685, 0.01332829181768851]
episode 2:
    train:[2, 23.131711368524734, 23.623716848333753, 10.765798571598777, 36.59540821068228, 0.040834520704946024]
    eval:[23.304455637931824, 23.79731993783604, 11.396548041904515, 35.822235378352076, 0.01329008577048927]
    test:[23.57825278152119, 24.07109305533496, 10.988917648368938, 36.52843880653381, 0.013195088053038009]
episode 3:
    train:[3, 22.254935219517726, 22.746559788464147, 10.282430262612936, 35.513120950507755, 0.04086735758787918]
    eval:[22.683393364602868, 23.174645851958882, 10.240106530148875, 35.390564734285526, 0.013398973893457697]
    test:[23.141623746265065, 23.632936027916994, 10.038812339983203, 36.28238921273839, 0.013287980418237491]
episode 4:
    train:[4, 21.52086495181338, 22.012023521956966, 9.915866552093304, 34.66892944797451, 0.04084333515725534]
    eval:[22.849549867890097, 23.34066541628404, 10.35026694351638, 35.68451909043572, 0.013352309839024063]
    test:[23.06213710524819, 23.55324796113101, 10.031548023901202, 36.2416703321717, 0.01338494600074141]
episode 5:
    train:[5, 21.203241149960032, 21.69416068497137, 9.716719880502932, 34.27171076177875, 0.04093527435784111]
    eval:[22.71067822521383, 23.202856616540387, 10.739103478210216, 35.25369038365104, 0.013106780474570161]
    test:[23.32545271244916, 23.817532999949023, 10.355960603126071, 36.4096687652848, 0.013223761937152615]
episode 6:
    train:[6, 20.894856692712565, 21.38564514347646, 9.627605773269115, 33.904899139260074, 0.039171352807171815]
    eval:[22.462045631625436, 22.952929762276735, 10.102635983970355, 35.199728006666355, 0.01330125255544005]
    test:[22.97095753929832, 23.46184119311246, 9.909918982620267, 36.191186081279405, 0.013332752645418593]
episode 7:
    train:[7, 20.713568335895502, 21.204202713272295, 9.528752309331821, 33.67448953148999, 0.03918166927820151]
    eval:[22.453870811245658, 22.944738144224342, 10.091950661841441, 35.21285915374756, 0.013462450444083415]
    test:[23.092616162516855, 23.58340735868974, 9.974077475172551, 36.417844268408686, 0.013252956466036987]
episode 8:
    train:[8, 20.406072695899777, 20.896301835606366, 9.332751732016781, 33.3465278856245, 0.039319213705111926]
    eval:[22.423533976078033, 22.91454327648336, 10.26002737608823, 35.151869047771804, 0.013451991875118228]
    test:[22.898441184650768, 23.389408349990845, 9.993675751188261, 36.14453789862719, 0.013282802341587388]
episode 9:
    train:[9, 20.201622276089818, 20.691729215683242, 9.256381920357507, 33.10294997173807, 0.03922366537649369]
    eval:[22.371383303945716, 22.86220592802221, 10.015181615017354, 35.07122305306521, 0.01360796109419707]
    test:[23.132902270013634, 23.623542292551562, 9.963266773742031, 36.390141633423895, 0.013356698360870589]
episode 10:
    train:[10, 20.127504168476182, 20.617590859166164, 9.219130973678455, 32.989002058321226, 0.03918945145743749]
    eval:[22.381968368183482, 22.8735223791816, 10.50832906356928, 35.055145464160226, 0.013406672073996649]
    test:[22.919572537595574, 23.411086337132886, 10.132059001956474, 36.12286601825194, 0.013296430834414313]
episode 11:
    train:[11, 19.938971431133652, 20.42887103219564, 9.13983205850949, 32.77464305610873, 0.039398777880354806]
    eval:[22.3655344302004, 22.85684114152735, 10.313458890992809, 35.01568289236589, 0.013270854356237172]
    test:[22.917829367247496, 23.409073293209076, 10.01582151405852, 36.163596733049914, 0.01350364037062171]
episode 12:
    train:[12, 19.771178748522004, 20.260877288356845, 9.045452272452568, 32.58901747142885, 0.03925299490797309]
    eval:[22.306668801741168, 22.797654059800234, 10.109783344986765, 35.06662071834911, 0.013522352709205326]
    test:[22.986028942194853, 23.477025590159677, 9.956546432592653, 36.39065677469427, 0.013307703554905933]
episode 13:
    train:[13, 19.680457026836777, 20.17009539324755, 9.000628152844586, 32.468078652942566, 0.039162969104247346]
    eval:[23.013869085095145, 23.505212317813527, 10.23403124629774, 35.96585890379819, 0.013348743144577825]
    test:[24.21986754915931, 24.711405846205626, 10.493358741091056, 37.78148420290513, 0.013220469199309184]
episode 14:
    train:[14, 19.519248201626237, 20.008650860849535, 8.914712570002038, 32.303128107283655, 0.0392705349078812]
    eval:[22.884072477167305, 23.375099057501014, 10.36808503453027, 35.82186053015969, 0.01326738791464063]
    test:[23.410614636811342, 23.90158032287251, 10.118731162087483, 36.966755325143986, 0.013376071460727949]
episode 15:
    train:[15, 19.447642036106277, 19.937001770971403, 8.878326620237589, 32.19750807461081, 0.03944988733180756]
    eval:[22.52552114833485, 23.01614481752569, 9.953546170568602, 35.48129943284121, 0.01314665587590454]
    test:[23.590661319819365, 24.08130853284489, 10.089531756768173, 37.20445721799677, 0.013388392510510815]
episode 16:
    train:[16, 19.42859871040445, 19.918023720580823, 8.892551879970698, 32.14333165390505, 0.03914762736001251]
    eval:[22.658608106049623, 23.149830184199594, 10.362505377270281, 35.676472783088684, 0.01364644690791469]
    test:[23.535000730644573, 24.02622070095756, 10.254149401391095, 37.27315476265821, 0.013278773949689944]
episode 17:
    train:[17, 19.239902445859855, 19.729013060802323, 8.778847141335728, 31.962166769968764, 0.0392179354918672]
    eval:[22.316583124074068, 22.807145357131958, 9.905229932205243, 35.203057950193234, 0.013354488006057114]
    test:[23.29450350999832, 23.784906165166333, 9.957006533460861, 36.81462629816749, 0.013630207091283646]
episode 18:
    train:[18, 19.19162902038805, 19.680729972392264, 8.763397585016117, 31.884976374404417, 0.039008036418849604]
    eval:[22.909230069680646, 23.401327019388024, 10.92890164899555, 35.75626715746793, 0.013573408169239198]
    test:[23.588915581052955, 24.080912243236195, 10.550687546757134, 37.26583860137246, 0.013347821912490699]
episode 19:
    train:[19, 19.088029201630157, 19.576989081947023, 8.71393556349219, 31.770719502959224, 0.038937804517215305]
    eval:[22.802241580052808, 23.29312310435555, 10.034828110259365, 35.73970657045191, 0.01351836804010316]
    test:[23.827880225398324, 24.318890658291902, 10.148748962885954, 37.52594100345265, 0.013472409529942119]
res:[[23.59564334154129, 9.988370055163449, 35.852402161468156, 0.013468600812224635], [23.389408349990845, 9.993675751188261, 36.14453789862719, 0.013282802341587388]]
((16911, 12, 883, 1), (16911, 12, 883))
((5622, 12, 883, 1), (5622, 12, 883))
((5622, 12, 883, 1), (5622, 12, 883))
((16911, 12, 883, 1), (16911, 12, 883))
((5622, 12, 883, 1), (5622, 12, 883))
((5622, 12, 883, 1), (5622, 12, 883))
((16911, 12, 883, 1), (16911, 12, 883))
((5622, 12, 883, 1), (5622, 12, 883))
((5622, 12, 883, 1), (5622, 12, 883))
episode 0:
    train:[0, 105.90594924465245, 106.40280658310888, 46.02289288982552, 134.15870540308816, 0.03639681193627116]
    eval:[29.983731253580615, 30.478605709292673, 13.527698522772301, 43.29179471189325, 0.013271673511924459]
    test:[30.353524907068774, 30.84846661307595, 13.151999660344286, 43.868146712129764, 0.013298381227312119]
episode 1:
    train:[1, 27.513916942257513, 28.008062579005337, 13.407809478855764, 42.03804505750227, 0.03936978881190342]
    eval:[25.78614415363832, 26.27925682067871, 12.104227558963679, 38.84380241957578, 0.01336786455210737]
    test:[26.100365259430625, 26.593631451780144, 11.827377903021194, 39.23717766458338, 0.01339114827644948]
episode 2:
    train:[2, 24.459707087064285, 24.952673098991408, 11.538336728831545, 38.11766086859604, 0.039212462311485785]
    eval:[24.35743827711452, 24.849885095249522, 11.027538204904307, 37.282363718206234, 0.013264350897898585]
    test:[24.723789366808806, 25.216348106210884, 10.780715548687361, 37.75505516203967, 0.013193165903963341]
episode 3:
    train:[3, 23.163588601384586, 23.655935431698545, 10.848266272215852, 36.485896303432874, 0.03921041889888828]
    eval:[23.653096399523996, 24.144937244328585, 10.802556481212378, 36.38272140784697, 0.013350963295672296]
    test:[23.90295730937611, 24.394893754612315, 10.474893857132304, 36.794445904818446, 0.013419771906914808]
episode 4:
    train:[4, 22.36730330021936, 22.859170902879566, 10.432565702382469, 35.554247764198, 0.03899789490935776]
    eval:[24.620096428827807, 25.112395357001912, 11.21358647942543, 37.3247645334764, 0.013419978180121628]
    test:[24.683219161900606, 25.175576172091745, 10.824414097111333, 37.5660014369271, 0.01334257903619832]
episode 5:
    train:[5, 21.816540258367933, 22.308154374755397, 10.205255098119801, 34.90262732118199, 0.03914180507426442]
    eval:[23.284573446620595, 23.776709897951648, 10.961366118863225, 35.8439753705805, 0.013387395791929416]
    test:[24.08253677324815, 24.574908885088835, 10.679289025508545, 36.8693576075814, 0.013317890711756881]
episode 6:
    train:[6, 21.285872385497356, 21.777004371744024, 9.897082884899834, 34.32880133717182, 0.038941039980413025]
    eval:[22.885044769807294, 23.376594050364062, 10.715398120439865, 35.62733978033066, 0.01340108022109676]
    test:[23.33571995388378, 23.827476891604338, 10.379007251255892, 36.232869029045105, 0.013395714827679688]
episode 7:
    train:[7, 21.008590507146767, 21.49956082666754, 9.77087456923126, 34.0008851936499, 0.03912793916796223]
    eval:[24.14823374423114, 24.641186372800306, 11.71506851572882, 36.86725736748088, 0.013385439419483468]
    test:[24.02367250485854, 24.516496902162377, 11.106969085945325, 36.958182551644065, 0.013315315689323043]
episode 8:
